

Microchip MPLAB XC8 Assembler V2.31 build 20201012212115 
                                                                                               Tue Aug 17 19:36:19 2021

Microchip MPLAB XC8 C Compiler v2.31 (Free license) build 20201012212115 Og1 
     1                           	processor	16F887
     2                           	pagewidth 120
     3                           	opt	flic
     4                           	psect	idataCOMMON,global,class=CODE,delta=2,noexec
     5                           	psect	nvBANK0,global,class=BANK0,space=1,delta=1,noexec
     6                           	psect	cinit,global,class=CODE,merge=1,delta=2
     7                           	psect	bssCOMMON,global,class=COMMON,space=1,delta=1,noexec
     8                           	psect	dataCOMMON,global,class=COMMON,space=1,delta=1,noexec
     9                           	psect	bssBANK0,global,class=BANK0,space=1,delta=1,noexec
    10                           	psect	cstackCOMMON,global,class=COMMON,space=1,delta=1,noexec
    11                           	psect	cstackBANK0,global,class=BANK0,space=1,delta=1,noexec
    12                           	psect	maintext,global,class=CODE,split=1,delta=2
    13                           	psect	text1,local,class=CODE,merge=1,delta=2
    14                           	psect	text2,local,class=CODE,merge=1,delta=2,group=1
    15                           	psect	text3,local,class=CODE,merge=1,delta=2,group=1
    16                           	psect	text4,local,class=CODE,merge=1,delta=2
    17                           	psect	intentry,global,class=CODE,delta=2
    18                           	psect	text5,local,class=CODE,merge=1,delta=2,group=1
    19                           	psect	config,global,abs,ovrld,class=CONFIG,space=4,delta=2,noexec
    20                           	dabs	1,0x7E,2
    21  0000                     
    22                           ; Version 2.20
    23                           ; Generated 12/02/2020 GMT
    24                           ; 
    25                           ; Copyright © 2020, Microchip Technology Inc. and its subsidiaries ("Microchip")
    26                           ; All rights reserved.
    27                           ; 
    28                           ; This software is developed by Microchip Technology Inc. and its subsidiaries ("Microch
      +                          ip").
    29                           ; 
    30                           ; Redistribution and use in source and binary forms, with or without modification, are
    31                           ; permitted provided that the following conditions are met:
    32                           ; 
    33                           ;     1. Redistributions of source code must retain the above copyright notice, this lis
      +                          t of
    34                           ;        conditions and the following disclaimer.
    35                           ; 
    36                           ;     2. Redistributions in binary form must reproduce the above copyright notice, this 
      +                          list
    37                           ;        of conditions and the following disclaimer in the documentation and/or other
    38                           ;        materials provided with the distribution.
    39                           ; 
    40                           ;     3. Microchip's name may not be used to endorse or promote products derived from th
      +                          is
    41                           ;        software without specific prior written permission.
    42                           ; 
    43                           ; THIS SOFTWARE IS PROVIDED BY MICROCHIP "AS IS" AND ANY EXPRESS OR IMPLIED WARRANTIES,
    44                           ; INCLUDING, BUT NOT LIMITED TO, THE IMPLIED WARRANTIES OF MERCHANTABILITY AND FITNESS F
      +                          OR
    45                           ; PURPOSE ARE DISCLAIMED.  IN NO EVENT SHALL MICROCHIP BE LIABLE FOR ANY DIRECT, INDIREC
      +                          T,
    46                           ; INCIDENTAL, SPECIAL, EXEMPLARY, OR CONSEQUENTIAL DAMAGES (INCLUDING BUT NOT LIMITED TO
    47                           ; PROCUREMENT OF SUBSTITUTE GOODS OR SERVICES; LOSS OF USE, DATA OR PROFITS; OR BUSINESS
    48                           ; INTERRUPTION) HOWSOEVER CAUSED AND ON ANY THEORY OF LIABILITY, WHETHER IN CONTRACT, ST
      +                          RICT
    49                           ; LIABILITY, OR TORT (INCLUDING NEGLIGENCE OR OTHERWISE) ARISING IN ANY WAY OUT OF THE U
      +                          SE OF
    50                           ; THIS SOFTWARE, EVEN IF ADVISED OF THE POSSIBILITY OF SUCH DAMAGE.
    51                           ; 
    52                           ; 
    53                           ; Code-generator required, PIC16F887 Definitions
    54                           ; 
    55                           ; SFR Addresses
    56  0000                     	;# 
    57  0001                     	;# 
    58  0002                     	;# 
    59  0003                     	;# 
    60  0004                     	;# 
    61  0005                     	;# 
    62  0006                     	;# 
    63  0007                     	;# 
    64  0008                     	;# 
    65  0009                     	;# 
    66  000A                     	;# 
    67  000B                     	;# 
    68  000C                     	;# 
    69  000D                     	;# 
    70  000E                     	;# 
    71  000E                     	;# 
    72  000F                     	;# 
    73  0010                     	;# 
    74  0011                     	;# 
    75  0012                     	;# 
    76  0013                     	;# 
    77  0014                     	;# 
    78  0015                     	;# 
    79  0015                     	;# 
    80  0016                     	;# 
    81  0017                     	;# 
    82  0018                     	;# 
    83  0019                     	;# 
    84  001A                     	;# 
    85  001B                     	;# 
    86  001B                     	;# 
    87  001C                     	;# 
    88  001D                     	;# 
    89  001E                     	;# 
    90  001F                     	;# 
    91  0081                     	;# 
    92  0085                     	;# 
    93  0086                     	;# 
    94  0087                     	;# 
    95  0088                     	;# 
    96  0089                     	;# 
    97  008C                     	;# 
    98  008D                     	;# 
    99  008E                     	;# 
   100  008F                     	;# 
   101  0090                     	;# 
   102  0091                     	;# 
   103  0092                     	;# 
   104  0093                     	;# 
   105  0093                     	;# 
   106  0093                     	;# 
   107  0094                     	;# 
   108  0095                     	;# 
   109  0096                     	;# 
   110  0097                     	;# 
   111  0098                     	;# 
   112  0099                     	;# 
   113  009A                     	;# 
   114  009B                     	;# 
   115  009C                     	;# 
   116  009D                     	;# 
   117  009E                     	;# 
   118  009F                     	;# 
   119  0105                     	;# 
   120  0107                     	;# 
   121  0108                     	;# 
   122  0109                     	;# 
   123  010C                     	;# 
   124  010C                     	;# 
   125  010D                     	;# 
   126  010E                     	;# 
   127  010F                     	;# 
   128  0185                     	;# 
   129  0187                     	;# 
   130  0188                     	;# 
   131  0189                     	;# 
   132  018C                     	;# 
   133  018D                     	;# 
   134  0000                     	;# 
   135  0001                     	;# 
   136  0002                     	;# 
   137  0003                     	;# 
   138  0004                     	;# 
   139  0005                     	;# 
   140  0006                     	;# 
   141  0007                     	;# 
   142  0008                     	;# 
   143  0009                     	;# 
   144  000A                     	;# 
   145  000B                     	;# 
   146  000C                     	;# 
   147  000D                     	;# 
   148  000E                     	;# 
   149  000E                     	;# 
   150  000F                     	;# 
   151  0010                     	;# 
   152  0011                     	;# 
   153  0012                     	;# 
   154  0013                     	;# 
   155  0014                     	;# 
   156  0015                     	;# 
   157  0015                     	;# 
   158  0016                     	;# 
   159  0017                     	;# 
   160  0018                     	;# 
   161  0019                     	;# 
   162  001A                     	;# 
   163  001B                     	;# 
   164  001B                     	;# 
   165  001C                     	;# 
   166  001D                     	;# 
   167  001E                     	;# 
   168  001F                     	;# 
   169  0081                     	;# 
   170  0085                     	;# 
   171  0086                     	;# 
   172  0087                     	;# 
   173  0088                     	;# 
   174  0089                     	;# 
   175  008C                     	;# 
   176  008D                     	;# 
   177  008E                     	;# 
   178  008F                     	;# 
   179  0090                     	;# 
   180  0091                     	;# 
   181  0092                     	;# 
   182  0093                     	;# 
   183  0093                     	;# 
   184  0093                     	;# 
   185  0094                     	;# 
   186  0095                     	;# 
   187  0096                     	;# 
   188  0097                     	;# 
   189  0098                     	;# 
   190  0099                     	;# 
   191  009A                     	;# 
   192  009B                     	;# 
   193  009C                     	;# 
   194  009D                     	;# 
   195  009E                     	;# 
   196  009F                     	;# 
   197  0105                     	;# 
   198  0107                     	;# 
   199  0108                     	;# 
   200  0109                     	;# 
   201  010C                     	;# 
   202  010C                     	;# 
   203  010D                     	;# 
   204  010E                     	;# 
   205  010F                     	;# 
   206  0185                     	;# 
   207  0187                     	;# 
   208  0188                     	;# 
   209  0189                     	;# 
   210  018C                     	;# 
   211  018D                     	;# 
   212                           
   213                           	psect	idataCOMMON
   214  02DC                     __pidataCOMMON:
   215                           
   216                           ;initializer for _u_flag
   217  02DC  3401               	retlw	1
   218                           
   219                           	psect	nvBANK0
   220  002C                     __pnvBANK0:
   221  002C                     _decenas_temp:
   222  002C                     	ds	1
   223  002D                     _centenas:
   224  002D                     	ds	1
   225  002E                     _decenas:
   226  002E                     	ds	1
   227  002F                     _unidades:
   228  002F                     	ds	1
   229  0030                     _contador:
   230  0030                     	ds	1
   231  0018                     _RCSTAbits	set	24
   232  0007                     _PORTC	set	7
   233  0006                     _PORTB	set	6
   234  0005                     _PORTA	set	5
   235  001A                     _RCREG	set	26
   236  0006                     _PORTBbits	set	6
   237  000B                     _INTCONbits	set	11
   238  0019                     _TXREG	set	25
   239  000C                     _PIR1bits	set	12
   240  0008                     _PORTD	set	8
   241  009A                     _SPBRGH	set	154
   242  0099                     _SPBRG	set	153
   243  0098                     _TXSTAbits	set	152
   244  0096                     _IOCB	set	150
   245  008C                     _PIE1bits	set	140
   246  0095                     _WPUB	set	149
   247  0081                     _OPTION_REGbits	set	129
   248  0088                     _TRISD	set	136
   249  0087                     _TRISC	set	135
   250  0086                     _TRISB	set	134
   251  0085                     _TRISA	set	133
   252  008F                     _OSCCONbits	set	143
   253  0187                     _BAUDCTLbits	set	391
   254  0188                     _ANSEL	set	392
   255  0189                     _ANSELH	set	393
   256                           
   257                           	psect	cinit
   258  000F                     start_initialization:	
   259                           ; #config settings
   260                           
   261  000F                     __initialization:
   262                           
   263                           ; Initialize objects allocated to COMMON
   264  000F  120A  118A  22DC  120A  118A  	fcall	__pidataCOMMON	;fetch initializer
   265  0014  00FD               	movwf	__pdataCOMMON& (0+127)
   266                           
   267                           ; Clear objects allocated to BANK0
   268  0015  01B1               	clrf	__pbssBANK0& (0+127)
   269  0016  01B2               	clrf	(__pbssBANK0+1)& (0+127)
   270  0017  01B3               	clrf	(__pbssBANK0+2)& (0+127)
   271  0018  01B4               	clrf	(__pbssBANK0+3)& (0+127)
   272                           
   273                           ; Clear objects allocated to COMMON
   274  0019  01FA               	clrf	__pbssCOMMON& (0+127)
   275  001A  01FB               	clrf	(__pbssCOMMON+1)& (0+127)
   276  001B  01FC               	clrf	(__pbssCOMMON+2)& (0+127)
   277  001C                     end_of_initialization:	
   278                           ;End of C runtime variable initialization code
   279                           
   280  001C                     __end_of__initialization:
   281  001C  0183               	clrf	3
   282  001D  120A  118A  2913   	ljmp	_main	;jump to C main() function
   283                           
   284                           	psect	bssCOMMON
   285  007A                     __pbssCOMMON:
   286  007A                     _cont_temp:
   287  007A                     	ds	1
   288  007B                     _var_temp:
   289  007B                     	ds	1
   290  007C                     _unidad:
   291  007C                     	ds	1
   292                           
   293                           	psect	dataCOMMON
   294  007D                     __pdataCOMMON:
   295  007D                     _u_flag:
   296  007D                     	ds	1
   297                           
   298                           	psect	bssBANK0
   299  0031                     __pbssBANK0:
   300  0031                     _valor:
   301  0031                     	ds	1
   302  0032                     _decena:
   303  0032                     	ds	1
   304  0033                     _c_flag:
   305  0033                     	ds	1
   306  0034                     _d_flag:
   307  0034                     	ds	1
   308                           
   309                           	psect	cstackCOMMON
   310  0070                     __pcstackCOMMON:
   311  0070                     ?_setup:
   312  0070                     ?_main:	
   313                           ; 1 bytes @ 0x0
   314                           
   315  0070                     ?_isr:	
   316                           ; 1 bytes @ 0x0
   317                           
   318  0070                     ?___bmul:	
   319                           ; 1 bytes @ 0x0
   320                           
   321  0070                     ___bmul@multiplicand:	
   322                           ; 1 bytes @ 0x0
   323                           
   324                           
   325                           ; 1 bytes @ 0x0
   326  0070                     	ds	1
   327  0071                     ??___bmul:
   328                           
   329                           ; 1 bytes @ 0x1
   330  0071                     	ds	1
   331  0072                     ___bmul@product:
   332                           
   333                           ; 1 bytes @ 0x2
   334  0072                     	ds	1
   335  0073                     ___bmul@multiplier:
   336                           
   337                           ; 1 bytes @ 0x3
   338  0073                     	ds	1
   339  0074                     ??_isr:
   340                           
   341                           ; 1 bytes @ 0x4
   342  0074                     	ds	6
   343                           
   344                           	psect	cstackBANK0
   345  0020                     __pcstackBANK0:
   346  0020                     ??_setup:
   347  0020                     ?___awdiv:	
   348                           ; 1 bytes @ 0x0
   349                           
   350  0020                     ?___awmod:	
   351                           ; 2 bytes @ 0x0
   352                           
   353  0020                     ___awdiv@divisor:	
   354                           ; 2 bytes @ 0x0
   355                           
   356  0020                     ___awmod@divisor:	
   357                           ; 2 bytes @ 0x0
   358                           
   359                           
   360                           ; 2 bytes @ 0x0
   361  0020                     	ds	2
   362  0022                     ___awdiv@dividend:
   363  0022                     ___awmod@dividend:	
   364                           ; 2 bytes @ 0x2
   365                           
   366                           
   367                           ; 2 bytes @ 0x2
   368  0022                     	ds	2
   369  0024                     ??___awdiv:
   370  0024                     ??___awmod:	
   371                           ; 1 bytes @ 0x4
   372                           
   373                           
   374                           ; 1 bytes @ 0x4
   375  0024                     	ds	1
   376  0025                     ___awdiv@counter:
   377  0025                     ___awmod@counter:	
   378                           ; 1 bytes @ 0x5
   379                           
   380                           
   381                           ; 1 bytes @ 0x5
   382  0025                     	ds	1
   383  0026                     ___awdiv@sign:
   384  0026                     ___awmod@sign:	
   385                           ; 1 bytes @ 0x6
   386                           
   387                           
   388                           ; 1 bytes @ 0x6
   389  0026                     	ds	1
   390  0027                     ___awdiv@quotient:
   391                           
   392                           ; 2 bytes @ 0x7
   393  0027                     	ds	2
   394  0029                     ??_main:
   395                           
   396                           ; 1 bytes @ 0x9
   397  0029                     	ds	3
   398                           
   399                           	psect	maintext
   400  0113                     __pmaintext:	
   401 ;;
   402 ;;Main: autosize = 0, tempsize = 3, incstack = 0, save=0
   403 ;;
   404 ;; *************** function _main *****************
   405 ;; Defined at:
   406 ;;		line 66 in file "Lab05.c"
   407 ;; Parameters:    Size  Location     Type
   408 ;;		None
   409 ;; Auto vars:     Size  Location     Type
   410 ;;		None
   411 ;; Return value:  Size  Location     Type
   412 ;;                  1    wreg      void 
   413 ;; Registers used:
   414 ;;		wreg, status,2, status,0, pclath, cstack
   415 ;; Tracked objects:
   416 ;;		On entry : B00/0
   417 ;;		On exit  : 0/0
   418 ;;		Unchanged: 0/0
   419 ;; Data sizes:     COMMON   BANK0   BANK1   BANK3   BANK2
   420 ;;      Params:         0       0       0       0       0
   421 ;;      Locals:         0       0       0       0       0
   422 ;;      Temps:          0       3       0       0       0
   423 ;;      Totals:         0       3       0       0       0
   424 ;;Total ram usage:        3 bytes
   425 ;; Hardware stack levels required when called:    3
   426 ;; This function calls:
   427 ;;		___awdiv
   428 ;;		___awmod
   429 ;;		_setup
   430 ;; This function is called by:
   431 ;;		Startup code after reset
   432 ;; This function uses a non-reentrant model
   433 ;;
   434                           
   435                           
   436                           ;psect for function _main
   437  0113                     _main:
   438  0113                     l1127:	
   439                           ;incstack = 0
   440                           ; Regs used in _main: [wreg+status,2+status,0+pclath+cstack]
   441                           
   442                           
   443                           ;Lab05.c: 67:                 cont_temp = 4;
   444  0113  120A  118A  228A  120A  118A  	fcall	_setup
   445  0118                     l1129:
   446                           
   447                           ;Lab05.c: 69:                 cont_temp = 5;
   448  0118  1283               	bcf	3,5	;RP0=0, select bank0
   449  0119  1303               	bcf	3,6	;RP1=0, select bank0
   450  011A  0808               	movf	8,w	;volatile
   451  011B  00A9               	movwf	??_main
   452  011C  0829               	movf	??_main,w
   453  011D  00B0               	movwf	_contador
   454  011E                     l1131:
   455                           
   456                           ;Lab05.c: 70:             }else if(var_temp==54){
   457  011E  3064               	movlw	100
   458  011F  00A0               	movwf	___awdiv@divisor
   459  0120  3000               	movlw	0
   460  0121  00A1               	movwf	___awdiv@divisor+1
   461  0122  0830               	movf	_contador,w
   462  0123  00A9               	movwf	??_main
   463  0124  01AA               	clrf	??_main+1
   464  0125  0829               	movf	??_main,w
   465  0126  00A2               	movwf	___awdiv@dividend
   466  0127  082A               	movf	??_main+1,w
   467  0128  00A3               	movwf	___awdiv@dividend+1
   468  0129  120A  118A  21C6  120A  118A  	fcall	___awdiv
   469  012E  1283               	bcf	3,5	;RP0=0, select bank0
   470  012F  1303               	bcf	3,6	;RP1=0, select bank0
   471  0130  0820               	movf	?___awdiv,w
   472  0131  00AB               	movwf	??_main+2
   473  0132  082B               	movf	??_main+2,w
   474  0133  00AD               	movwf	_centenas
   475  0134                     l1133:
   476                           
   477                           ;Lab05.c: 71:                 cont_temp = 6;
   478  0134  3064               	movlw	100
   479  0135  00A0               	movwf	___awmod@divisor
   480  0136  3000               	movlw	0
   481  0137  00A1               	movwf	___awmod@divisor+1
   482  0138  0830               	movf	_contador,w
   483  0139  00A9               	movwf	??_main
   484  013A  01AA               	clrf	??_main+1
   485  013B  0829               	movf	??_main,w
   486  013C  00A2               	movwf	___awmod@dividend
   487  013D  082A               	movf	??_main+1,w
   488  013E  00A3               	movwf	___awmod@dividend+1
   489  013F  120A  118A  222F  120A  118A  	fcall	___awmod
   490  0144  1283               	bcf	3,5	;RP0=0, select bank0
   491  0145  1303               	bcf	3,6	;RP1=0, select bank0
   492  0146  0820               	movf	?___awmod,w
   493  0147  00AB               	movwf	??_main+2
   494  0148  082B               	movf	??_main+2,w
   495  0149  00AC               	movwf	_decenas_temp
   496  014A                     l1135:
   497                           
   498                           ;Lab05.c: 72:             }else if(var_temp==55){
   499  014A  300A               	movlw	10
   500  014B  00A0               	movwf	___awdiv@divisor
   501  014C  3000               	movlw	0
   502  014D  00A1               	movwf	___awdiv@divisor+1
   503  014E  082C               	movf	_decenas_temp,w
   504  014F  00A9               	movwf	??_main
   505  0150  01AA               	clrf	??_main+1
   506  0151  0829               	movf	??_main,w
   507  0152  00A2               	movwf	___awdiv@dividend
   508  0153  082A               	movf	??_main+1,w
   509  0154  00A3               	movwf	___awdiv@dividend+1
   510  0155  120A  118A  21C6  120A  118A  	fcall	___awdiv
   511  015A  1283               	bcf	3,5	;RP0=0, select bank0
   512  015B  1303               	bcf	3,6	;RP1=0, select bank0
   513  015C  0820               	movf	?___awdiv,w
   514  015D  00AB               	movwf	??_main+2
   515  015E  082B               	movf	??_main+2,w
   516  015F  00AE               	movwf	_decenas
   517  0160                     l1137:
   518                           
   519                           ;Lab05.c: 74:             }else if(var_temp==56){
   520  0160  300A               	movlw	10
   521  0161  00A0               	movwf	___awmod@divisor
   522  0162  3000               	movlw	0
   523  0163  00A1               	movwf	___awmod@divisor+1
   524  0164  0830               	movf	_contador,w
   525  0165  00A9               	movwf	??_main
   526  0166  01AA               	clrf	??_main+1
   527  0167  0829               	movf	??_main,w
   528  0168  00A2               	movwf	___awmod@dividend
   529  0169  082A               	movf	??_main+1,w
   530  016A  00A3               	movwf	___awmod@dividend+1
   531  016B  120A  118A  222F  120A  118A  	fcall	___awmod
   532  0170  1283               	bcf	3,5	;RP0=0, select bank0
   533  0171  1303               	bcf	3,6	;RP1=0, select bank0
   534  0172  0820               	movf	?___awmod,w
   535  0173  00AB               	movwf	??_main+2
   536  0174  082B               	movf	??_main+2,w
   537  0175  00AF               	movwf	_unidades
   538  0176                     l1139:
   539                           
   540                           ;Lab05.c: 76:             }else if(var_temp==57){
   541  0176  1E0C               	btfss	12,4	;volatile
   542  0177  2979               	goto	u631
   543  0178  297A               	goto	u630
   544  0179                     u631:
   545  0179  29BF               	goto	l1151
   546  017A                     u630:
   547  017A                     l1141:
   548                           
   549                           ;Lab05.c: 77:                 cont_temp = 9;
   550  017A  3034               	movlw	52
   551  017B  1283               	bcf	3,5	;RP0=0, select bank0
   552  017C  1303               	bcf	3,6	;RP1=0, select bank0
   553  017D  00AA               	movwf	??_main+1
   554  017E  30F1               	movlw	241
   555  017F  00A9               	movwf	??_main
   556  0180                     u837:
   557  0180  0BA9               	decfsz	??_main,f
   558  0181  2980               	goto	u837
   559  0182  0BAA               	decfsz	??_main+1,f
   560  0183  2980               	goto	u837
   561  0184                     l1143:
   562                           
   563                           ;Lab05.c: 78:             }
   564  0184  1283               	bcf	3,5	;RP0=0, select bank0
   565  0185  1303               	bcf	3,6	;RP1=0, select bank0
   566  0186  082D               	movf	_centenas,w
   567  0187  3E30               	addlw	48
   568  0188  0099               	movwf	25	;volatile
   569  0189                     l1145:
   570                           
   571                           ;Lab05.c: 79:         if (u_flag == 1){
   572  0189  3034               	movlw	52
   573  018A  1283               	bcf	3,5	;RP0=0, select bank0
   574  018B  1303               	bcf	3,6	;RP1=0, select bank0
   575  018C  00AA               	movwf	??_main+1
   576  018D  30F1               	movlw	241
   577  018E  00A9               	movwf	??_main
   578  018F                     u847:
   579  018F  0BA9               	decfsz	??_main,f
   580  0190  298F               	goto	u847
   581  0191  0BAA               	decfsz	??_main+1,f
   582  0192  298F               	goto	u847
   583                           
   584                           ;Lab05.c: 80:             valor = cont_temp;
   585  0193  1283               	bcf	3,5	;RP0=0, select bank0
   586  0194  1303               	bcf	3,6	;RP1=0, select bank0
   587  0195  082E               	movf	_decenas,w
   588  0196  3E30               	addlw	48
   589  0197  0099               	movwf	25	;volatile
   590  0198                     l1147:
   591                           
   592                           ;Lab05.c: 81:             unidad = cont_temp;
   593  0198  3034               	movlw	52
   594  0199  1283               	bcf	3,5	;RP0=0, select bank0
   595  019A  1303               	bcf	3,6	;RP1=0, select bank0
   596  019B  00AA               	movwf	??_main+1
   597  019C  30F1               	movlw	241
   598  019D  00A9               	movwf	??_main
   599  019E                     u857:
   600  019E  0BA9               	decfsz	??_main,f
   601  019F  299E               	goto	u857
   602  01A0  0BAA               	decfsz	??_main+1,f
   603  01A1  299E               	goto	u857
   604  01A2                     l1149:
   605                           
   606                           ;Lab05.c: 82:             u_flag = 0;
   607  01A2  1283               	bcf	3,5	;RP0=0, select bank0
   608  01A3  1303               	bcf	3,6	;RP1=0, select bank0
   609  01A4  082F               	movf	_unidades,w
   610  01A5  3E30               	addlw	48
   611  01A6  0099               	movwf	25	;volatile
   612                           
   613                           ;Lab05.c: 83:             d_flag = 1;
   614  01A7  3034               	movlw	52
   615  01A8  1283               	bcf	3,5	;RP0=0, select bank0
   616  01A9  1303               	bcf	3,6	;RP1=0, select bank0
   617  01AA  00AA               	movwf	??_main+1
   618  01AB  30F1               	movlw	241
   619  01AC  00A9               	movwf	??_main
   620  01AD                     u867:
   621  01AD  0BA9               	decfsz	??_main,f
   622  01AE  29AD               	goto	u867
   623  01AF  0BAA               	decfsz	??_main+1,f
   624  01B0  29AD               	goto	u867
   625                           
   626                           ;Lab05.c: 84:         }
   627  01B1  300D               	movlw	13
   628  01B2  1283               	bcf	3,5	;RP0=0, select bank0
   629  01B3  1303               	bcf	3,6	;RP1=0, select bank0
   630  01B4  0099               	movwf	25	;volatile
   631                           
   632                           ;Lab05.c: 85:         else if (d_flag == 1){
   633  01B5  3034               	movlw	52
   634  01B6  1283               	bcf	3,5	;RP0=0, select bank0
   635  01B7  1303               	bcf	3,6	;RP1=0, select bank0
   636  01B8  00AA               	movwf	??_main+1
   637  01B9  30F1               	movlw	241
   638  01BA  00A9               	movwf	??_main
   639  01BB                     u877:
   640  01BB  0BA9               	decfsz	??_main,f
   641  01BC  29BB               	goto	u877
   642  01BD  0BAA               	decfsz	??_main+1,f
   643  01BE  29BB               	goto	u877
   644  01BF                     l1151:
   645                           
   646                           ;Lab05.c: 87:             decena = cont_temp;
   647  01BF  1283               	bcf	3,5	;RP0=0, select bank0
   648  01C0  1303               	bcf	3,6	;RP1=0, select bank0
   649  01C1  120C               	bcf	12,4	;volatile
   650  01C2  2918               	goto	l1129
   651  01C3  120A  118A  280C   	ljmp	start
   652  01C6                     __end_of_main:
   653                           
   654                           	psect	text1
   655  028A                     __ptext1:	
   656 ;; *************** function _setup *****************
   657 ;; Defined at:
   658 ;;		line 161 in file "Lab05.c"
   659 ;; Parameters:    Size  Location     Type
   660 ;;		None
   661 ;; Auto vars:     Size  Location     Type
   662 ;;		None
   663 ;; Return value:  Size  Location     Type
   664 ;;                  1    wreg      void 
   665 ;; Registers used:
   666 ;;		wreg, status,2
   667 ;; Tracked objects:
   668 ;;		On entry : 0/0
   669 ;;		On exit  : 0/0
   670 ;;		Unchanged: 0/0
   671 ;; Data sizes:     COMMON   BANK0   BANK1   BANK3   BANK2
   672 ;;      Params:         0       0       0       0       0
   673 ;;      Locals:         0       0       0       0       0
   674 ;;      Temps:          0       0       0       0       0
   675 ;;      Totals:         0       0       0       0       0
   676 ;;Total ram usage:        0 bytes
   677 ;; Hardware stack levels used:    1
   678 ;; Hardware stack levels required when called:    2
   679 ;; This function calls:
   680 ;;		Nothing
   681 ;; This function is called by:
   682 ;;		_main
   683 ;; This function uses a non-reentrant model
   684 ;;
   685                           
   686                           
   687                           ;psect for function _setup
   688  028A                     _setup:
   689  028A                     l983:	
   690                           ;incstack = 0
   691                           ; Regs used in _setup: [wreg+status,2]
   692                           
   693  028A  1683               	bsf	3,5	;RP0=1, select bank1
   694  028B  1303               	bcf	3,6	;RP1=0, select bank1
   695  028C  170F               	bsf	15,6	;volatile
   696  028D  168F               	bsf	15,5	;volatile
   697  028E  160F               	bsf	15,4	;volatile
   698  028F  140F               	bsf	15,0	;volatile
   699  0290                     l985:
   700  0290  1683               	bsf	3,5	;RP0=1, select bank3
   701  0291  1703               	bsf	3,6	;RP1=1, select bank3
   702  0292  0189               	clrf	9	;volatile
   703  0293  0188               	clrf	8	;volatile
   704  0294  1683               	bsf	3,5	;RP0=1, select bank1
   705  0295  1303               	bcf	3,6	;RP1=0, select bank1
   706  0296  0185               	clrf	5	;volatile
   707  0297                     l987:
   708  0297  3003               	movlw	3
   709  0298  0086               	movwf	6	;volatile
   710  0299                     l989:
   711  0299  3080               	movlw	128
   712  029A  0087               	movwf	7	;volatile
   713  029B  0188               	clrf	8	;volatile
   714  029C                     l991:
   715  029C  1381               	bcf	1,7	;volatile
   716  029D                     l993:
   717  029D  3003               	movlw	3
   718  029E  0095               	movwf	21	;volatile
   719  029F                     l995:
   720  029F  1283               	bcf	3,5	;RP0=0, select bank0
   721  02A0  1303               	bcf	3,6	;RP1=0, select bank0
   722  02A1  0185               	clrf	5	;volatile
   723  02A2  3003               	movlw	3
   724  02A3  0086               	movwf	6	;volatile
   725  02A4                     l997:
   726  02A4  0187               	clrf	7	;volatile
   727  02A5                     l999:
   728  02A5  0188               	clrf	8	;volatile
   729  02A6                     l1001:
   730  02A6  178B               	bsf	11,7	;volatile
   731  02A7                     l1003:
   732  02A7  170B               	bsf	11,6	;volatile
   733  02A8                     l1005:
   734  02A8  1683               	bsf	3,5	;RP0=1, select bank1
   735  02A9  1303               	bcf	3,6	;RP1=0, select bank1
   736  02AA  168C               	bsf	12,5	;volatile
   737  02AB                     l1007:
   738  02AB  1283               	bcf	3,5	;RP0=0, select bank0
   739  02AC  1303               	bcf	3,6	;RP1=0, select bank0
   740  02AD  128C               	bcf	12,5	;volatile
   741  02AE                     l1009:
   742  02AE  158B               	bsf	11,3	;volatile
   743  02AF  3003               	movlw	3
   744  02B0  1683               	bsf	3,5	;RP0=1, select bank1
   745  02B1  1303               	bcf	3,6	;RP1=0, select bank1
   746  02B2  0096               	movwf	22	;volatile
   747  02B3                     l1011:
   748  02B3  100B               	bcf	11,0	;volatile
   749  02B4                     l1013:
   750  02B4  1218               	bcf	24,4	;volatile
   751  02B5                     l1015:
   752  02B5  1518               	bsf	24,2	;volatile
   753  02B6                     l1017:
   754  02B6  1683               	bsf	3,5	;RP0=1, select bank3
   755  02B7  1703               	bsf	3,6	;RP1=1, select bank3
   756  02B8  1587               	bsf	7,3	;volatile
   757  02B9  30CF               	movlw	207
   758  02BA  1683               	bsf	3,5	;RP0=1, select bank1
   759  02BB  1303               	bcf	3,6	;RP1=0, select bank1
   760  02BC  0099               	movwf	25	;volatile
   761  02BD                     l1019:
   762  02BD  019A               	clrf	26	;volatile
   763  02BE                     l1021:
   764  02BE  1283               	bcf	3,5	;RP0=0, select bank0
   765  02BF  1303               	bcf	3,6	;RP1=0, select bank0
   766  02C0  1798               	bsf	24,7	;volatile
   767  02C1                     l1023:
   768  02C1  1318               	bcf	24,6	;volatile
   769  02C2                     l1025:
   770  02C2  1618               	bsf	24,4	;volatile
   771  02C3                     l1027:
   772  02C3  1683               	bsf	3,5	;RP0=1, select bank1
   773  02C4  1303               	bcf	3,6	;RP1=0, select bank1
   774  02C5  1698               	bsf	24,5	;volatile
   775  02C6                     l127:
   776  02C6  0008               	return
   777  02C7                     __end_of_setup:
   778                           
   779                           	psect	text2
   780  022F                     __ptext2:	
   781 ;; *************** function ___awmod *****************
   782 ;; Defined at:
   783 ;;		line 5 in file "C:\Program Files\Microchip\xc8\v2.31\pic\sources\c90\common\awmod.c"
   784 ;; Parameters:    Size  Location     Type
   785 ;;  divisor         2    0[BANK0 ] int 
   786 ;;  dividend        2    2[BANK0 ] int 
   787 ;; Auto vars:     Size  Location     Type
   788 ;;  sign            1    6[BANK0 ] unsigned char 
   789 ;;  counter         1    5[BANK0 ] unsigned char 
   790 ;; Return value:  Size  Location     Type
   791 ;;                  2    0[BANK0 ] int 
   792 ;; Registers used:
   793 ;;		wreg, status,2, status,0
   794 ;; Tracked objects:
   795 ;;		On entry : 0/0
   796 ;;		On exit  : 0/0
   797 ;;		Unchanged: 0/0
   798 ;; Data sizes:     COMMON   BANK0   BANK1   BANK3   BANK2
   799 ;;      Params:         0       4       0       0       0
   800 ;;      Locals:         0       2       0       0       0
   801 ;;      Temps:          0       1       0       0       0
   802 ;;      Totals:         0       7       0       0       0
   803 ;;Total ram usage:        7 bytes
   804 ;; Hardware stack levels used:    1
   805 ;; Hardware stack levels required when called:    2
   806 ;; This function calls:
   807 ;;		Nothing
   808 ;; This function is called by:
   809 ;;		_main
   810 ;; This function uses a non-reentrant model
   811 ;;
   812                           
   813                           
   814                           ;psect for function ___awmod
   815  022F                     ___awmod:
   816  022F                     l1089:	
   817                           ;incstack = 0
   818                           ; Regs used in ___awmod: [wreg+status,2+status,0]
   819                           
   820  022F  1283               	bcf	3,5	;RP0=0, select bank0
   821  0230  1303               	bcf	3,6	;RP1=0, select bank0
   822  0231  01A6               	clrf	___awmod@sign
   823  0232                     l1091:
   824  0232  1FA3               	btfss	___awmod@dividend+1,7
   825  0233  2A35               	goto	u541
   826  0234  2A36               	goto	u540
   827  0235                     u541:
   828  0235  2A3D               	goto	l1097
   829  0236                     u540:
   830  0236                     l1093:
   831  0236  09A2               	comf	___awmod@dividend,f
   832  0237  09A3               	comf	___awmod@dividend+1,f
   833  0238  0AA2               	incf	___awmod@dividend,f
   834  0239  1903               	skipnz
   835  023A  0AA3               	incf	___awmod@dividend+1,f
   836  023B                     l1095:
   837  023B  01A6               	clrf	___awmod@sign
   838  023C  0AA6               	incf	___awmod@sign,f
   839  023D                     l1097:
   840  023D  1FA1               	btfss	___awmod@divisor+1,7
   841  023E  2A40               	goto	u551
   842  023F  2A41               	goto	u550
   843  0240                     u551:
   844  0240  2A46               	goto	l1101
   845  0241                     u550:
   846  0241                     l1099:
   847  0241  09A0               	comf	___awmod@divisor,f
   848  0242  09A1               	comf	___awmod@divisor+1,f
   849  0243  0AA0               	incf	___awmod@divisor,f
   850  0244  1903               	skipnz
   851  0245  0AA1               	incf	___awmod@divisor+1,f
   852  0246                     l1101:
   853  0246  0820               	movf	___awmod@divisor,w
   854  0247  0421               	iorwf	___awmod@divisor+1,w
   855  0248  1903               	btfsc	3,2
   856  0249  2A4B               	goto	u561
   857  024A  2A4C               	goto	u560
   858  024B                     u561:
   859  024B  2A7B               	goto	l1119
   860  024C                     u560:
   861  024C                     l1103:
   862  024C  01A5               	clrf	___awmod@counter
   863  024D  0AA5               	incf	___awmod@counter,f
   864  024E  2A5A               	goto	l1109
   865  024F                     l1105:
   866  024F  3001               	movlw	1
   867  0250                     u575:
   868  0250  1003               	clrc
   869  0251  0DA0               	rlf	___awmod@divisor,f
   870  0252  0DA1               	rlf	___awmod@divisor+1,f
   871  0253  3EFF               	addlw	-1
   872  0254  1D03               	skipz
   873  0255  2A50               	goto	u575
   874  0256                     l1107:
   875  0256  3001               	movlw	1
   876  0257  00A4               	movwf	??___awmod
   877  0258  0824               	movf	??___awmod,w
   878  0259  07A5               	addwf	___awmod@counter,f
   879  025A                     l1109:
   880  025A  1FA1               	btfss	___awmod@divisor+1,7
   881  025B  2A5D               	goto	u581
   882  025C  2A5E               	goto	u580
   883  025D                     u581:
   884  025D  2A4F               	goto	l1105
   885  025E                     u580:
   886  025E                     l1111:
   887  025E  0821               	movf	___awmod@divisor+1,w
   888  025F  0223               	subwf	___awmod@dividend+1,w
   889  0260  1D03               	skipz
   890  0261  2A64               	goto	u595
   891  0262  0820               	movf	___awmod@divisor,w
   892  0263  0222               	subwf	___awmod@dividend,w
   893  0264                     u595:
   894  0264  1C03               	skipc
   895  0265  2A67               	goto	u591
   896  0266  2A68               	goto	u590
   897  0267                     u591:
   898  0267  2A6E               	goto	l1115
   899  0268                     u590:
   900  0268                     l1113:
   901  0268  0820               	movf	___awmod@divisor,w
   902  0269  02A2               	subwf	___awmod@dividend,f
   903  026A  0821               	movf	___awmod@divisor+1,w
   904  026B  1C03               	skipc
   905  026C  03A3               	decf	___awmod@dividend+1,f
   906  026D  02A3               	subwf	___awmod@dividend+1,f
   907  026E                     l1115:
   908  026E  3001               	movlw	1
   909  026F                     u605:
   910  026F  1003               	clrc
   911  0270  0CA1               	rrf	___awmod@divisor+1,f
   912  0271  0CA0               	rrf	___awmod@divisor,f
   913  0272  3EFF               	addlw	-1
   914  0273  1D03               	skipz
   915  0274  2A6F               	goto	u605
   916  0275                     l1117:
   917  0275  3001               	movlw	1
   918  0276  02A5               	subwf	___awmod@counter,f
   919  0277  1D03               	btfss	3,2
   920  0278  2A7A               	goto	u611
   921  0279  2A7B               	goto	u610
   922  027A                     u611:
   923  027A  2A5E               	goto	l1111
   924  027B                     u610:
   925  027B                     l1119:
   926  027B  0826               	movf	___awmod@sign,w
   927  027C  1903               	btfsc	3,2
   928  027D  2A7F               	goto	u621
   929  027E  2A80               	goto	u620
   930  027F                     u621:
   931  027F  2A85               	goto	l1123
   932  0280                     u620:
   933  0280                     l1121:
   934  0280  09A2               	comf	___awmod@dividend,f
   935  0281  09A3               	comf	___awmod@dividend+1,f
   936  0282  0AA2               	incf	___awmod@dividend,f
   937  0283  1903               	skipnz
   938  0284  0AA3               	incf	___awmod@dividend+1,f
   939  0285                     l1123:
   940  0285  0823               	movf	___awmod@dividend+1,w
   941  0286  00A1               	movwf	?___awmod+1
   942  0287  0822               	movf	___awmod@dividend,w
   943  0288  00A0               	movwf	?___awmod
   944  0289                     l379:
   945  0289  0008               	return
   946  028A                     __end_of___awmod:
   947                           
   948                           	psect	text3
   949  01C6                     __ptext3:	
   950 ;; *************** function ___awdiv *****************
   951 ;; Defined at:
   952 ;;		line 5 in file "C:\Program Files\Microchip\xc8\v2.31\pic\sources\c90\common\awdiv.c"
   953 ;; Parameters:    Size  Location     Type
   954 ;;  divisor         2    0[BANK0 ] int 
   955 ;;  dividend        2    2[BANK0 ] int 
   956 ;; Auto vars:     Size  Location     Type
   957 ;;  quotient        2    7[BANK0 ] int 
   958 ;;  sign            1    6[BANK0 ] unsigned char 
   959 ;;  counter         1    5[BANK0 ] unsigned char 
   960 ;; Return value:  Size  Location     Type
   961 ;;                  2    0[BANK0 ] int 
   962 ;; Registers used:
   963 ;;		wreg, status,2, status,0
   964 ;; Tracked objects:
   965 ;;		On entry : 0/0
   966 ;;		On exit  : 0/0
   967 ;;		Unchanged: 0/0
   968 ;; Data sizes:     COMMON   BANK0   BANK1   BANK3   BANK2
   969 ;;      Params:         0       4       0       0       0
   970 ;;      Locals:         0       4       0       0       0
   971 ;;      Temps:          0       1       0       0       0
   972 ;;      Totals:         0       9       0       0       0
   973 ;;Total ram usage:        9 bytes
   974 ;; Hardware stack levels used:    1
   975 ;; Hardware stack levels required when called:    2
   976 ;; This function calls:
   977 ;;		Nothing
   978 ;; This function is called by:
   979 ;;		_main
   980 ;; This function uses a non-reentrant model
   981 ;;
   982                           
   983                           
   984                           ;psect for function ___awdiv
   985  01C6                     ___awdiv:
   986  01C6                     l1045:	
   987                           ;incstack = 0
   988                           ; Regs used in ___awdiv: [wreg+status,2+status,0]
   989                           
   990  01C6  1283               	bcf	3,5	;RP0=0, select bank0
   991  01C7  1303               	bcf	3,6	;RP1=0, select bank0
   992  01C8  01A6               	clrf	___awdiv@sign
   993  01C9                     l1047:
   994  01C9  1FA1               	btfss	___awdiv@divisor+1,7
   995  01CA  29CC               	goto	u441
   996  01CB  29CD               	goto	u440
   997  01CC                     u441:
   998  01CC  29D4               	goto	l1053
   999  01CD                     u440:
  1000  01CD                     l1049:
  1001  01CD  09A0               	comf	___awdiv@divisor,f
  1002  01CE  09A1               	comf	___awdiv@divisor+1,f
  1003  01CF  0AA0               	incf	___awdiv@divisor,f
  1004  01D0  1903               	skipnz
  1005  01D1  0AA1               	incf	___awdiv@divisor+1,f
  1006  01D2                     l1051:
  1007  01D2  01A6               	clrf	___awdiv@sign
  1008  01D3  0AA6               	incf	___awdiv@sign,f
  1009  01D4                     l1053:
  1010  01D4  1FA3               	btfss	___awdiv@dividend+1,7
  1011  01D5  29D7               	goto	u451
  1012  01D6  29D8               	goto	u450
  1013  01D7                     u451:
  1014  01D7  29E1               	goto	l1059
  1015  01D8                     u450:
  1016  01D8                     l1055:
  1017  01D8  09A2               	comf	___awdiv@dividend,f
  1018  01D9  09A3               	comf	___awdiv@dividend+1,f
  1019  01DA  0AA2               	incf	___awdiv@dividend,f
  1020  01DB  1903               	skipnz
  1021  01DC  0AA3               	incf	___awdiv@dividend+1,f
  1022  01DD                     l1057:
  1023  01DD  3001               	movlw	1
  1024  01DE  00A4               	movwf	??___awdiv
  1025  01DF  0824               	movf	??___awdiv,w
  1026  01E0  06A6               	xorwf	___awdiv@sign,f
  1027  01E1                     l1059:
  1028  01E1  01A7               	clrf	___awdiv@quotient
  1029  01E2  01A8               	clrf	___awdiv@quotient+1
  1030  01E3                     l1061:
  1031  01E3  0820               	movf	___awdiv@divisor,w
  1032  01E4  0421               	iorwf	___awdiv@divisor+1,w
  1033  01E5  1903               	btfsc	3,2
  1034  01E6  29E8               	goto	u461
  1035  01E7  29E9               	goto	u460
  1036  01E8                     u461:
  1037  01E8  2A20               	goto	l1081
  1038  01E9                     u460:
  1039  01E9                     l1063:
  1040  01E9  01A5               	clrf	___awdiv@counter
  1041  01EA  0AA5               	incf	___awdiv@counter,f
  1042  01EB  29F7               	goto	l1069
  1043  01EC                     l1065:
  1044  01EC  3001               	movlw	1
  1045  01ED                     u475:
  1046  01ED  1003               	clrc
  1047  01EE  0DA0               	rlf	___awdiv@divisor,f
  1048  01EF  0DA1               	rlf	___awdiv@divisor+1,f
  1049  01F0  3EFF               	addlw	-1
  1050  01F1  1D03               	skipz
  1051  01F2  29ED               	goto	u475
  1052  01F3                     l1067:
  1053  01F3  3001               	movlw	1
  1054  01F4  00A4               	movwf	??___awdiv
  1055  01F5  0824               	movf	??___awdiv,w
  1056  01F6  07A5               	addwf	___awdiv@counter,f
  1057  01F7                     l1069:
  1058  01F7  1FA1               	btfss	___awdiv@divisor+1,7
  1059  01F8  29FA               	goto	u481
  1060  01F9  29FB               	goto	u480
  1061  01FA                     u481:
  1062  01FA  29EC               	goto	l1065
  1063  01FB                     u480:
  1064  01FB                     l1071:
  1065  01FB  3001               	movlw	1
  1066  01FC                     u495:
  1067  01FC  1003               	clrc
  1068  01FD  0DA7               	rlf	___awdiv@quotient,f
  1069  01FE  0DA8               	rlf	___awdiv@quotient+1,f
  1070  01FF  3EFF               	addlw	-1
  1071  0200  1D03               	skipz
  1072  0201  29FC               	goto	u495
  1073  0202  0821               	movf	___awdiv@divisor+1,w
  1074  0203  0223               	subwf	___awdiv@dividend+1,w
  1075  0204  1D03               	skipz
  1076  0205  2A08               	goto	u505
  1077  0206  0820               	movf	___awdiv@divisor,w
  1078  0207  0222               	subwf	___awdiv@dividend,w
  1079  0208                     u505:
  1080  0208  1C03               	skipc
  1081  0209  2A0B               	goto	u501
  1082  020A  2A0C               	goto	u500
  1083  020B                     u501:
  1084  020B  2A13               	goto	l1077
  1085  020C                     u500:
  1086  020C                     l1073:
  1087  020C  0820               	movf	___awdiv@divisor,w
  1088  020D  02A2               	subwf	___awdiv@dividend,f
  1089  020E  0821               	movf	___awdiv@divisor+1,w
  1090  020F  1C03               	skipc
  1091  0210  03A3               	decf	___awdiv@dividend+1,f
  1092  0211  02A3               	subwf	___awdiv@dividend+1,f
  1093  0212                     l1075:
  1094  0212  1427               	bsf	___awdiv@quotient,0
  1095  0213                     l1077:
  1096  0213  3001               	movlw	1
  1097  0214                     u515:
  1098  0214  1003               	clrc
  1099  0215  0CA1               	rrf	___awdiv@divisor+1,f
  1100  0216  0CA0               	rrf	___awdiv@divisor,f
  1101  0217  3EFF               	addlw	-1
  1102  0218  1D03               	skipz
  1103  0219  2A14               	goto	u515
  1104  021A                     l1079:
  1105  021A  3001               	movlw	1
  1106  021B  02A5               	subwf	___awdiv@counter,f
  1107  021C  1D03               	btfss	3,2
  1108  021D  2A1F               	goto	u521
  1109  021E  2A20               	goto	u520
  1110  021F                     u521:
  1111  021F  29FB               	goto	l1071
  1112  0220                     u520:
  1113  0220                     l1081:
  1114  0220  0826               	movf	___awdiv@sign,w
  1115  0221  1903               	btfsc	3,2
  1116  0222  2A24               	goto	u531
  1117  0223  2A25               	goto	u530
  1118  0224                     u531:
  1119  0224  2A2A               	goto	l1085
  1120  0225                     u530:
  1121  0225                     l1083:
  1122  0225  09A7               	comf	___awdiv@quotient,f
  1123  0226  09A8               	comf	___awdiv@quotient+1,f
  1124  0227  0AA7               	incf	___awdiv@quotient,f
  1125  0228  1903               	skipnz
  1126  0229  0AA8               	incf	___awdiv@quotient+1,f
  1127  022A                     l1085:
  1128  022A  0828               	movf	___awdiv@quotient+1,w
  1129  022B  00A1               	movwf	?___awdiv+1
  1130  022C  0827               	movf	___awdiv@quotient,w
  1131  022D  00A0               	movwf	?___awdiv
  1132  022E                     l366:
  1133  022E  0008               	return
  1134  022F                     __end_of___awdiv:
  1135                           
  1136                           	psect	text4
  1137  0020                     __ptext4:	
  1138 ;; *************** function _isr *****************
  1139 ;; Defined at:
  1140 ;;		line 95 in file "Lab05.c"
  1141 ;; Parameters:    Size  Location     Type
  1142 ;;		None
  1143 ;; Auto vars:     Size  Location     Type
  1144 ;;		None
  1145 ;; Return value:  Size  Location     Type
  1146 ;;                  1    wreg      void 
  1147 ;; Registers used:
  1148 ;;		wreg, status,2, status,0, pclath, cstack
  1149 ;; Tracked objects:
  1150 ;;		On entry : 0/0
  1151 ;;		On exit  : 0/0
  1152 ;;		Unchanged: 0/0
  1153 ;; Data sizes:     COMMON   BANK0   BANK1   BANK3   BANK2
  1154 ;;      Params:         0       0       0       0       0
  1155 ;;      Locals:         0       0       0       0       0
  1156 ;;      Temps:          6       0       0       0       0
  1157 ;;      Totals:         6       0       0       0       0
  1158 ;;Total ram usage:        6 bytes
  1159 ;; Hardware stack levels used:    1
  1160 ;; Hardware stack levels required when called:    1
  1161 ;; This function calls:
  1162 ;;		___bmul
  1163 ;; This function is called by:
  1164 ;;		Interrupt level 1
  1165 ;; This function uses a non-reentrant model
  1166 ;;
  1167                           
  1168                           
  1169                           ;psect for function _isr
  1170  0020                     _isr:
  1171  0020                     i1l1153:
  1172                           
  1173                           ;Lab05.c: 96: 
  1174  0020  1C0B               	btfss	11,0	;volatile
  1175  0021  2823               	goto	u64_21
  1176  0022  2824               	goto	u64_20
  1177  0023                     u64_21:
  1178  0023  2835               	goto	i1l1165
  1179  0024                     u64_20:
  1180  0024                     i1l1155:
  1181                           
  1182                           ;Lab05.c: 97: 
  1183  0024  1283               	bcf	3,5	;RP0=0, select bank0
  1184  0025  1303               	bcf	3,6	;RP1=0, select bank0
  1185  0026  1806               	btfsc	6,0	;volatile
  1186  0027  2829               	goto	u65_21
  1187  0028  282A               	goto	u65_20
  1188  0029                     u65_21:
  1189  0029  282E               	goto	i1l1159
  1190  002A                     u65_20:
  1191  002A                     i1l1157:
  1192                           
  1193                           ;Lab05.c: 98: 
  1194  002A  3001               	movlw	1
  1195  002B  00F4               	movwf	??_isr
  1196  002C  0874               	movf	??_isr,w
  1197  002D  0788               	addwf	8,f	;volatile
  1198  002E                     i1l1159:
  1199                           
  1200                           ;Lab05.c: 100: void setup(){
  1201  002E  1886               	btfsc	6,1	;volatile
  1202  002F  2831               	goto	u66_21
  1203  0030  2832               	goto	u66_20
  1204  0031                     u66_21:
  1205  0031  2834               	goto	i1l1163
  1206  0032                     u66_20:
  1207  0032                     i1l1161:
  1208                           
  1209                           ;Lab05.c: 101: 
  1210  0032  3001               	movlw	1
  1211  0033  0288               	subwf	8,f	;volatile
  1212  0034                     i1l1163:
  1213                           
  1214                           ;Lab05.c: 103:     OSCCONbits.IRCF2 = 1;
  1215  0034  100B               	bcf	11,0	;volatile
  1216  0035                     i1l1165:
  1217                           
  1218                           ;Lab05.c: 107: 
  1219  0035  1283               	bcf	3,5	;RP0=0, select bank0
  1220  0036  1303               	bcf	3,6	;RP1=0, select bank0
  1221  0037  1E8C               	btfss	12,5	;volatile
  1222  0038  283A               	goto	u67_21
  1223  0039  283B               	goto	u67_20
  1224  003A                     u67_21:
  1225  003A  290C               	goto	i1l124
  1226  003B                     u67_20:
  1227  003B                     i1l1167:
  1228                           
  1229                           ;Lab05.c: 108: 
  1230  003B  300D               	movlw	13
  1231  003C  061A               	xorwf	26,w	;volatile
  1232  003D  1D03               	btfss	3,2
  1233  003E  2840               	goto	u68_21
  1234  003F  2841               	goto	u68_20
  1235  0040                     u68_21:
  1236  0040  2849               	goto	i1l1181
  1237  0041                     u68_20:
  1238  0041                     i1l1169:
  1239                           
  1240                           ;Lab05.c: 109:     ANSELH = 0x00;
  1241  0041  0831               	movf	_valor,w
  1242  0042  0085               	movwf	5	;volatile
  1243  0043                     i1l1171:
  1244                           
  1245                           ;Lab05.c: 110:     ANSEL = 0x00;
  1246  0043  01FA               	clrf	_cont_temp
  1247  0044                     i1l1173:
  1248                           
  1249                           ;Lab05.c: 111: 
  1250  0044  01B1               	clrf	_valor
  1251  0045                     i1l1175:
  1252                           
  1253                           ;Lab05.c: 112:     TRISA = 0x00;
  1254  0045  01FD               	clrf	_u_flag
  1255  0046  0AFD               	incf	_u_flag,f
  1256  0047                     i1l1177:
  1257                           
  1258                           ;Lab05.c: 113:     TRISB = 0x03;
  1259  0047  01B4               	clrf	_d_flag
  1260  0048                     i1l1179:
  1261                           
  1262                           ;Lab05.c: 114:     TRISC = 0x80;
  1263  0048  01B3               	clrf	_c_flag
  1264  0049                     i1l1181:
  1265                           
  1266                           ;Lab05.c: 117: 
  1267  0049  300D               	movlw	13
  1268  004A  061A               	xorwf	26,w	;volatile
  1269  004B  1903               	btfsc	3,2
  1270  004C  284E               	goto	u69_21
  1271  004D  284F               	goto	u69_20
  1272  004E                     u69_21:
  1273  004E  290C               	goto	i1l124
  1274  004F                     u69_20:
  1275  004F                     i1l1183:
  1276                           
  1277                           ;Lab05.c: 118:     OPTION_REGbits.nRBPU = 0;
  1278  004F  081A               	movf	26,w	;volatile
  1279  0050  00F4               	movwf	??_isr
  1280  0051  0874               	movf	??_isr,w
  1281  0052  00FB               	movwf	_var_temp
  1282  0053                     i1l1185:
  1283                           
  1284                           ;Lab05.c: 119:     WPUB = 0x03;
  1285  0053  3030               	movlw	48
  1286  0054  067B               	xorwf	_var_temp,w
  1287  0055  1D03               	btfss	3,2
  1288  0056  2858               	goto	u70_21
  1289  0057  2859               	goto	u70_20
  1290  0058                     u70_21:
  1291  0058  285B               	goto	i1l1189
  1292  0059                     u70_20:
  1293  0059                     i1l1187:
  1294                           
  1295                           ;Lab05.c: 120: 
  1296  0059  01FA               	clrf	_cont_temp
  1297                           
  1298                           ;Lab05.c: 121:     PORTA = 0x00;
  1299  005A  28BC               	goto	i1l1225
  1300  005B                     i1l1189:
  1301  005B  3031               	movlw	49
  1302  005C  067B               	xorwf	_var_temp,w
  1303  005D  1D03               	btfss	3,2
  1304  005E  2860               	goto	u71_21
  1305  005F  2861               	goto	u71_20
  1306  0060                     u71_21:
  1307  0060  2864               	goto	i1l1193
  1308  0061                     u71_20:
  1309  0061                     i1l1191:
  1310                           
  1311                           ;Lab05.c: 122:     PORTB = 0x03;
  1312  0061  01FA               	clrf	_cont_temp
  1313  0062  0AFA               	incf	_cont_temp,f
  1314                           
  1315                           ;Lab05.c: 123:     PORTC = 0x00;
  1316  0063  28BC               	goto	i1l1225
  1317  0064                     i1l1193:
  1318  0064  3032               	movlw	50
  1319  0065  067B               	xorwf	_var_temp,w
  1320  0066  1D03               	btfss	3,2
  1321  0067  2869               	goto	u72_21
  1322  0068  286A               	goto	u72_20
  1323  0069                     u72_21:
  1324  0069  286F               	goto	i1l1197
  1325  006A                     u72_20:
  1326  006A                     i1l1195:
  1327                           
  1328                           ;Lab05.c: 124:     PORTD = 0x00;
  1329  006A  3002               	movlw	2
  1330  006B  00F4               	movwf	??_isr
  1331  006C  0874               	movf	??_isr,w
  1332  006D  00FA               	movwf	_cont_temp
  1333                           
  1334                           ;Lab05.c: 125: 
  1335  006E  28BC               	goto	i1l1225
  1336  006F                     i1l1197:
  1337  006F  3033               	movlw	51
  1338  0070  067B               	xorwf	_var_temp,w
  1339  0071  1D03               	btfss	3,2
  1340  0072  2874               	goto	u73_21
  1341  0073  2875               	goto	u73_20
  1342  0074                     u73_21:
  1343  0074  287A               	goto	i1l1201
  1344  0075                     u73_20:
  1345  0075                     i1l1199:
  1346                           
  1347                           ;Lab05.c: 126: 
  1348  0075  3003               	movlw	3
  1349  0076  00F4               	movwf	??_isr
  1350  0077  0874               	movf	??_isr,w
  1351  0078  00FA               	movwf	_cont_temp
  1352                           
  1353                           ;Lab05.c: 127:     INTCONbits.GIE = 1;
  1354  0079  28BC               	goto	i1l1225
  1355  007A                     i1l1201:
  1356  007A  3034               	movlw	52
  1357  007B  067B               	xorwf	_var_temp,w
  1358  007C  1D03               	btfss	3,2
  1359  007D  287F               	goto	u74_21
  1360  007E  2880               	goto	u74_20
  1361  007F                     u74_21:
  1362  007F  2885               	goto	i1l1205
  1363  0080                     u74_20:
  1364  0080                     i1l1203:
  1365                           
  1366                           ;Lab05.c: 128:     INTCONbits.PEIE = 1;
  1367  0080  3004               	movlw	4
  1368  0081  00F4               	movwf	??_isr
  1369  0082  0874               	movf	??_isr,w
  1370  0083  00FA               	movwf	_cont_temp
  1371                           
  1372                           ;Lab05.c: 129:     PIE1bits.RCIE = 1;
  1373  0084  28BC               	goto	i1l1225
  1374  0085                     i1l1205:
  1375  0085  3035               	movlw	53
  1376  0086  067B               	xorwf	_var_temp,w
  1377  0087  1D03               	btfss	3,2
  1378  0088  288A               	goto	u75_21
  1379  0089  288B               	goto	u75_20
  1380  008A                     u75_21:
  1381  008A  2890               	goto	i1l1209
  1382  008B                     u75_20:
  1383  008B                     i1l1207:
  1384                           
  1385                           ;Lab05.c: 130:     PIR1bits.RCIF = 0;
  1386  008B  3005               	movlw	5
  1387  008C  00F4               	movwf	??_isr
  1388  008D  0874               	movf	??_isr,w
  1389  008E  00FA               	movwf	_cont_temp
  1390                           
  1391                           ;Lab05.c: 131: 
  1392  008F  28BC               	goto	i1l1225
  1393  0090                     i1l1209:
  1394  0090  3036               	movlw	54
  1395  0091  067B               	xorwf	_var_temp,w
  1396  0092  1D03               	btfss	3,2
  1397  0093  2895               	goto	u76_21
  1398  0094  2896               	goto	u76_20
  1399  0095                     u76_21:
  1400  0095  289B               	goto	i1l1213
  1401  0096                     u76_20:
  1402  0096                     i1l1211:
  1403                           
  1404                           ;Lab05.c: 132: 
  1405  0096  3006               	movlw	6
  1406  0097  00F4               	movwf	??_isr
  1407  0098  0874               	movf	??_isr,w
  1408  0099  00FA               	movwf	_cont_temp
  1409                           
  1410                           ;Lab05.c: 133:     INTCONbits.RBIE = 1;
  1411  009A  28BC               	goto	i1l1225
  1412  009B                     i1l1213:
  1413  009B  3037               	movlw	55
  1414  009C  067B               	xorwf	_var_temp,w
  1415  009D  1D03               	btfss	3,2
  1416  009E  28A0               	goto	u77_21
  1417  009F  28A1               	goto	u77_20
  1418  00A0                     u77_21:
  1419  00A0  28A6               	goto	i1l1217
  1420  00A1                     u77_20:
  1421  00A1                     i1l1215:
  1422                           
  1423                           ;Lab05.c: 134:     IOCB = 0x03;
  1424  00A1  3007               	movlw	7
  1425  00A2  00F4               	movwf	??_isr
  1426  00A3  0874               	movf	??_isr,w
  1427  00A4  00FA               	movwf	_cont_temp
  1428                           
  1429                           ;Lab05.c: 135:     INTCONbits.RBIF = 0;
  1430  00A5  28BC               	goto	i1l1225
  1431  00A6                     i1l1217:
  1432  00A6  3038               	movlw	56
  1433  00A7  067B               	xorwf	_var_temp,w
  1434  00A8  1D03               	btfss	3,2
  1435  00A9  28AB               	goto	u78_21
  1436  00AA  28AC               	goto	u78_20
  1437  00AB                     u78_21:
  1438  00AB  28B1               	goto	i1l1221
  1439  00AC                     u78_20:
  1440  00AC                     i1l1219:
  1441                           
  1442                           ;Lab05.c: 136: 
  1443  00AC  3008               	movlw	8
  1444  00AD  00F4               	movwf	??_isr
  1445  00AE  0874               	movf	??_isr,w
  1446  00AF  00FA               	movwf	_cont_temp
  1447                           
  1448                           ;Lab05.c: 137: 
  1449  00B0  28BC               	goto	i1l1225
  1450  00B1                     i1l1221:
  1451  00B1  3039               	movlw	57
  1452  00B2  067B               	xorwf	_var_temp,w
  1453  00B3  1D03               	btfss	3,2
  1454  00B4  28B6               	goto	u79_21
  1455  00B5  28B7               	goto	u79_20
  1456  00B6                     u79_21:
  1457  00B6  28BC               	goto	i1l113
  1458  00B7                     u79_20:
  1459  00B7                     i1l1223:
  1460                           
  1461                           ;Lab05.c: 138:     TXSTAbits.SYNC = 0;
  1462  00B7  3009               	movlw	9
  1463  00B8  00F4               	movwf	??_isr
  1464  00B9  0874               	movf	??_isr,w
  1465  00BA  00FA               	movwf	_cont_temp
  1466  00BB  28BC               	goto	i1l1225
  1467  00BC                     i1l113:
  1468  00BC                     i1l1225:
  1469                           
  1470                           ;Lab05.c: 140: 
  1471  00BC  037D               	decf	_u_flag,w
  1472  00BD  1D03               	btfss	3,2
  1473  00BE  28C0               	goto	u80_21
  1474  00BF  28C1               	goto	u80_20
  1475  00C0                     u80_21:
  1476  00C0  28CD               	goto	i1l1233
  1477  00C1                     u80_20:
  1478  00C1                     i1l1227:
  1479                           
  1480                           ;Lab05.c: 141:     BAUDCTLbits.BRG16 = 1;
  1481  00C1  087A               	movf	_cont_temp,w
  1482  00C2  00F4               	movwf	??_isr
  1483  00C3  0874               	movf	??_isr,w
  1484  00C4  00B1               	movwf	_valor
  1485                           
  1486                           ;Lab05.c: 142: 
  1487  00C5  087A               	movf	_cont_temp,w
  1488  00C6  00F4               	movwf	??_isr
  1489  00C7  0874               	movf	??_isr,w
  1490  00C8  00FC               	movwf	_unidad
  1491  00C9                     i1l1229:
  1492                           
  1493                           ;Lab05.c: 143:     SPBRG = 207;
  1494  00C9  01FD               	clrf	_u_flag
  1495  00CA                     i1l1231:
  1496                           
  1497                           ;Lab05.c: 144:     SPBRGH = 0;
  1498  00CA  01B4               	clrf	_d_flag
  1499  00CB  0AB4               	incf	_d_flag,f
  1500                           
  1501                           ;Lab05.c: 145: 
  1502  00CC  290C               	goto	i1l124
  1503  00CD                     i1l1233:
  1504  00CD  0334               	decf	_d_flag,w
  1505  00CE  1D03               	btfss	3,2
  1506  00CF  28D1               	goto	u81_21
  1507  00D0  28D2               	goto	u81_20
  1508  00D1                     u81_21:
  1509  00D1  28EA               	goto	i1l1243
  1510  00D2                     u81_20:
  1511  00D2                     i1l1235:
  1512                           
  1513                           ;Lab05.c: 147:     RCSTAbits.RX9 = 0;
  1514  00D2  300A               	movlw	10
  1515  00D3  00F4               	movwf	??_isr
  1516  00D4  0874               	movf	??_isr,w
  1517  00D5  00F0               	movwf	___bmul@multiplicand
  1518  00D6  087C               	movf	_unidad,w
  1519  00D7  120A  118A  22C7  120A  118A  	fcall	___bmul
  1520  00DC  077A               	addwf	_cont_temp,w
  1521  00DD  00F5               	movwf	??_isr+1
  1522  00DE  0875               	movf	??_isr+1,w
  1523  00DF  1283               	bcf	3,5	;RP0=0, select bank0
  1524  00E0  1303               	bcf	3,6	;RP1=0, select bank0
  1525  00E1  00B1               	movwf	_valor
  1526  00E2                     i1l1237:
  1527                           
  1528                           ;Lab05.c: 148:     RCSTAbits.CREN = 1;
  1529  00E2  087A               	movf	_cont_temp,w
  1530  00E3  00F4               	movwf	??_isr
  1531  00E4  0874               	movf	??_isr,w
  1532  00E5  00B2               	movwf	_decena
  1533  00E6                     i1l1239:
  1534                           
  1535                           ;Lab05.c: 149: 
  1536  00E6  01B4               	clrf	_d_flag
  1537  00E7                     i1l1241:
  1538                           
  1539                           ;Lab05.c: 150:     TXSTAbits.TXEN = 1;
  1540  00E7  01B3               	clrf	_c_flag
  1541  00E8  0AB3               	incf	_c_flag,f
  1542                           
  1543                           ;Lab05.c: 151:     return;
  1544  00E9  290C               	goto	i1l124
  1545  00EA                     i1l1243:
  1546  00EA  0333               	decf	_c_flag,w
  1547  00EB  1D03               	btfss	3,2
  1548  00EC  28EE               	goto	u82_21
  1549  00ED  28EF               	goto	u82_20
  1550  00EE                     u82_21:
  1551  00EE  290C               	goto	i1l99
  1552  00EF                     u82_20:
  1553  00EF                     i1l1245:
  1554  00EF  300A               	movlw	10
  1555  00F0  00F4               	movwf	??_isr
  1556  00F1  0874               	movf	??_isr,w
  1557  00F2  00F0               	movwf	___bmul@multiplicand
  1558  00F3  0832               	movf	_decena,w
  1559  00F4  120A  118A  22C7  120A  118A  	fcall	___bmul
  1560  00F9  00F5               	movwf	??_isr+1
  1561  00FA  3064               	movlw	100
  1562  00FB  00F6               	movwf	??_isr+2
  1563  00FC  0876               	movf	??_isr+2,w
  1564  00FD  00F0               	movwf	___bmul@multiplicand
  1565  00FE  087C               	movf	_unidad,w
  1566  00FF  120A  118A  22C7  120A  118A  	fcall	___bmul
  1567  0104  0775               	addwf	??_isr+1,w
  1568  0105  077A               	addwf	_cont_temp,w
  1569  0106  00F7               	movwf	??_isr+3
  1570  0107  0877               	movf	??_isr+3,w
  1571  0108  1283               	bcf	3,5	;RP0=0, select bank0
  1572  0109  1303               	bcf	3,6	;RP1=0, select bank0
  1573  010A  00B1               	movwf	_valor
  1574  010B  290C               	goto	i1l124
  1575  010C                     i1l99:
  1576  010C                     i1l124:
  1577  010C  0879               	movf	??_isr+5,w
  1578  010D  008A               	movwf	10
  1579  010E  0E78               	swapf	??_isr+4,w
  1580  010F  0083               	movwf	3
  1581  0110  0EFE               	swapf	btemp,f
  1582  0111  0E7E               	swapf	btemp,w
  1583  0112  0009               	retfie
  1584  0113                     __end_of_isr:
  1585                           
  1586                           	psect	intentry
  1587  0004                     __pintentry:	
  1588                           ;incstack = 0
  1589                           ; Regs used in _isr: [wreg+status,2+status,0+pclath+cstack]
  1590                           
  1591  0004                     interrupt_function:
  1592  007E                     saved_w	set	btemp
  1593  0004  00FE               	movwf	btemp
  1594  0005  0E03               	swapf	3,w
  1595  0006  00F8               	movwf	??_isr+4
  1596  0007  080A               	movf	10,w
  1597  0008  00F9               	movwf	??_isr+5
  1598  0009  120A  118A  2820   	ljmp	_isr
  1599                           
  1600                           	psect	text5
  1601  02C7                     __ptext5:	
  1602 ;; *************** function ___bmul *****************
  1603 ;; Defined at:
  1604 ;;		line 4 in file "C:\Program Files\Microchip\xc8\v2.31\pic\sources\c90\common\Umul8.c"
  1605 ;; Parameters:    Size  Location     Type
  1606 ;;  multiplier      1    wreg     unsigned char 
  1607 ;;  multiplicand    1    0[COMMON] unsigned char 
  1608 ;; Auto vars:     Size  Location     Type
  1609 ;;  multiplier      1    3[COMMON] unsigned char 
  1610 ;;  product         1    2[COMMON] unsigned char 
  1611 ;; Return value:  Size  Location     Type
  1612 ;;                  1    wreg      unsigned char 
  1613 ;; Registers used:
  1614 ;;		wreg, status,2, status,0
  1615 ;; Tracked objects:
  1616 ;;		On entry : 0/0
  1617 ;;		On exit  : 0/0
  1618 ;;		Unchanged: 0/0
  1619 ;; Data sizes:     COMMON   BANK0   BANK1   BANK3   BANK2
  1620 ;;      Params:         1       0       0       0       0
  1621 ;;      Locals:         2       0       0       0       0
  1622 ;;      Temps:          1       0       0       0       0
  1623 ;;      Totals:         4       0       0       0       0
  1624 ;;Total ram usage:        4 bytes
  1625 ;; Hardware stack levels used:    1
  1626 ;; This function calls:
  1627 ;;		Nothing
  1628 ;; This function is called by:
  1629 ;;		_isr
  1630 ;; This function uses a non-reentrant model
  1631 ;;
  1632                           
  1633                           
  1634                           ;psect for function ___bmul
  1635  02C7                     ___bmul:
  1636                           
  1637                           ;incstack = 0
  1638                           ; Regs used in ___bmul: [wreg+status,2+status,0]
  1639                           ;___bmul@multiplier stored from wreg
  1640  02C7  00F3               	movwf	___bmul@multiplier
  1641  02C8                     i1l1031:
  1642  02C8  01F2               	clrf	___bmul@product
  1643  02C9                     i1l1033:
  1644  02C9  1C73               	btfss	___bmul@multiplier,0
  1645  02CA  2ACC               	goto	u42_21
  1646  02CB  2ACD               	goto	u42_20
  1647  02CC                     u42_21:
  1648  02CC  2AD1               	goto	i1l1037
  1649  02CD                     u42_20:
  1650  02CD                     i1l1035:
  1651  02CD  0870               	movf	___bmul@multiplicand,w
  1652  02CE  00F1               	movwf	??___bmul
  1653  02CF  0871               	movf	??___bmul,w
  1654  02D0  07F2               	addwf	___bmul@product,f
  1655  02D1                     i1l1037:
  1656  02D1  1003               	clrc
  1657  02D2  0DF0               	rlf	___bmul@multiplicand,f
  1658  02D3                     i1l1039:
  1659  02D3  1003               	clrc
  1660  02D4  0CF3               	rrf	___bmul@multiplier,f
  1661  02D5  0873               	movf	___bmul@multiplier,w
  1662  02D6  1D03               	btfss	3,2
  1663  02D7  2AD9               	goto	u43_21
  1664  02D8  2ADA               	goto	u43_20
  1665  02D9                     u43_21:
  1666  02D9  2AC9               	goto	i1l1033
  1667  02DA                     u43_20:
  1668  02DA                     i1l1041:
  1669  02DA  0872               	movf	___bmul@product,w
  1670  02DB                     i1l239:
  1671  02DB  0008               	return
  1672  02DC                     __end_of___bmul:
  1673  007E                     btemp	set	126	;btemp
  1674  007E                     wtemp0	set	126
  1675                           
  1676                           	psect	config
  1677                           
  1678                           ;Config register CONFIG1 @ 0x2007
  1679                           ;	Oscillator Selection bits
  1680                           ;	FOSC = INTRC_NOCLKOUT, INTOSCIO oscillator: I/O function on RA6/OSC2/CLKOUT pin, I/O f
      +                          unction on RA7/OSC1/CLKIN
  1681                           ;	Watchdog Timer Enable bit
  1682                           ;	WDTE = OFF, WDT disabled and can be enabled by SWDTEN bit of the WDTCON register
  1683                           ;	Power-up Timer Enable bit
  1684                           ;	PWRTE = OFF, PWRT disabled
  1685                           ;	RE3/MCLR pin function select bit
  1686                           ;	MCLRE = OFF, RE3/MCLR pin function is digital input, MCLR internally tied to VDD
  1687                           ;	Code Protection bit
  1688                           ;	CP = OFF, Program memory code protection is disabled
  1689                           ;	Data Code Protection bit
  1690                           ;	CPD = OFF, Data memory code protection is disabled
  1691                           ;	Brown Out Reset Selection bits
  1692                           ;	BOREN = OFF, BOR disabled
  1693                           ;	Internal External Switchover bit
  1694                           ;	IESO = OFF, Internal/External Switchover mode is disabled
  1695                           ;	Fail-Safe Clock Monitor Enabled bit
  1696                           ;	FCMEN = OFF, Fail-Safe Clock Monitor is disabled
  1697                           ;	Low Voltage Programming Enable bit
  1698                           ;	LVP = OFF, RB3 pin has digital I/O, HV on MCLR must be used for programming
  1699                           ;	In-Circuit Debugger Mode bit
  1700                           ;	DEBUG = 0x1, unprogrammed default
  1701  2007                     	org	8199
  1702  2007  20D4               	dw	8404
  1703                           
  1704                           ;Config register CONFIG2 @ 0x2008
  1705                           ;	Brown-out Reset Selection bit
  1706                           ;	BOR4V = BOR40V, Brown-out Reset set to 4.0V
  1707                           ;	Flash Program Memory Self Write Enable bits
  1708                           ;	WRT = OFF, Write protection off
  1709  2008                     	org	8200
  1710  2008  3FFF               	dw	16383

Data Sizes:
    Strings     0
    Constant    0
    Data        1
    BSS         7
    Persistent  5
    Stack       0

Auto Spaces:
    Space          Size  Autos    Used
    COMMON           14     10      14
    BANK0            80     12      21
    BANK1            80      0       0
    BANK3            96      0       0
    BANK2            96      0       0

Pointer List with Targets:

    None.

Critical Paths under _main in COMMON

    None.

Critical Paths under _isr in COMMON

    _isr->___bmul

Critical Paths under _main in BANK0

    _main->___awdiv

Critical Paths under _isr in BANK0

    None.

Critical Paths under _main in BANK1

    None.

Critical Paths under _isr in BANK1

    None.

Critical Paths under _main in BANK3

    None.

Critical Paths under _isr in BANK3

    None.

Critical Paths under _main in BANK2

    None.

Critical Paths under _isr in BANK2

    None.

Call Graph Tables:

 ---------------------------------------------------------------------------------
 (Depth) Function   	        Calls       Base Space   Used Autos Params    Refs
 ---------------------------------------------------------------------------------
 (0) _main                                                 3     3      0    1204
                                              9 BANK0      3     3      0
                            ___awdiv
                            ___awmod
                              _setup
 ---------------------------------------------------------------------------------
 (1) _setup                                                0     0      0       0
 ---------------------------------------------------------------------------------
 (1) ___awmod                                              7     3      4     600
                                              0 BANK0      7     3      4
 ---------------------------------------------------------------------------------
 (1) ___awdiv                                              9     5      4     604
                                              0 BANK0      9     5      4
 ---------------------------------------------------------------------------------
 Estimated maximum stack depth 1
 ---------------------------------------------------------------------------------
 (Depth) Function   	        Calls       Base Space   Used Autos Params    Refs
 ---------------------------------------------------------------------------------
 (2) _isr                                                  6     6      0     320
                                              4 COMMON     6     6      0
                             ___bmul
 ---------------------------------------------------------------------------------
 (3) ___bmul                                               4     3      1     320
                                              0 COMMON     4     3      1
 ---------------------------------------------------------------------------------
 Estimated maximum stack depth 3
 ---------------------------------------------------------------------------------

 Call Graph Graphs:

 _main (ROOT)
   ___awdiv
   ___awmod
   _setup

 _isr (ROOT)
   ___bmul

 Address spaces:
Name               Size   Autos  Total    Cost      Usage
BANK3               60      0       0       9        0.0%
BITBANK3            60      0       0       8        0.0%
SFR3                 0      0       0       4        0.0%
BITSFR3              0      0       0       4        0.0%
BANK2               60      0       0      11        0.0%
BITBANK2            60      0       0      10        0.0%
SFR2                 0      0       0       5        0.0%
BITSFR2              0      0       0       5        0.0%
BANK1               50      0       0       7        0.0%
BITBANK1            50      0       0       6        0.0%
SFR1                 0      0       0       2        0.0%
BITSFR1              0      0       0       2        0.0%
BANK0               50      C      15       5       26.2%
BITBANK0            50      0       0       4        0.0%
SFR0                 0      0       0       1        0.0%
BITSFR0              0      0       0       1        0.0%
COMMON               E      A       E       1      100.0%
BITCOMMON            E      0       0       0        0.0%
CODE                 0      0       0       0        0.0%
DATA                 0      0      23      12        0.0%
ABS                  0      0      23       3        0.0%
NULL                 0      0       0       0        0.0%
STACK                0      0       0       2        0.0%
EEDATA             100      0       0       0        0.0%


Microchip Technology PIC Macro Assembler V2.31 build 20201012212115 
Symbol Table                                                                                   Tue Aug 17 19:36:19 2021

         ___bmul@product 0072             ___awdiv@sign 0026                      l127 02C6  
                    l366 022E                      l379 0289                      l991 029C  
                    l983 028A                      l993 029D                      l985 0290  
                    l995 029F                      l987 0297                      l997 02A4  
                    l989 0299                      l999 02A5                      u500 020C  
                    u501 020B                      u520 0220                      u440 01CD  
                    u521 021F                      u505 0208                      u441 01CC  
                    u530 0225                      u450 01D8                      u610 027B  
                    u531 0224                      u515 0214                      u451 01D7  
                    u611 027A                      u460 01E9                      u620 0280  
                    u540 0236                      u461 01E8                      u621 027F  
                    u605 026F                      u541 0235                      u550 0241  
                    u630 017A                      u551 0240                      u631 0179  
                    u480 01FB                      u560 024C                      u481 01FA  
                    u561 024B                      u475 01ED                      u580 025E  
                    u581 025D                      u590 0268                      u495 01FC  
                    u591 0267                      u575 0250                      u595 0264  
                    u837 0180                      u847 018F                      u857 019E  
                    u867 01AD                      u877 01BB                      _isr 0020  
           ___awmod@sign 0026                     l1001 02A6                     l1011 02B3  
                   l1003 02A7                     l1101 0246                     l1021 02BE  
                   l1013 02B4                     l1005 02A8                     l1111 025E  
                   l1103 024C                     l1023 02C1                     l1015 02B5  
                   l1007 02AB                     l1121 0280                     l1113 0268  
                   l1105 024F                     l1025 02C2                     l1017 02B6  
                   l1009 02AE                     l1051 01D2                     l1123 0285  
                   l1115 026E                     l1107 0256                     l1027 02C3  
                   l1019 02BD                     l1131 011E                     l1061 01E3  
                   l1053 01D4                     l1045 01C6                     l1117 0275  
                   l1109 025A                     l1141 017A                     l1133 0134  
                   l1071 01FB                     l1063 01E9                     l1055 01D8  
                   l1047 01C9                     l1119 027B                     l1143 0184  
                   l1151 01BF                     l1135 014A                     l1127 0113  
                   l1073 020C                     l1065 01EC                     l1081 0220  
                   l1057 01DD                     l1049 01CD                     l1145 0189  
                   l1137 0160                     l1129 0118                     l1083 0225  
                   l1075 0212                     l1067 01F3                     l1059 01E1  
                   l1091 0232                     l1147 0198                     l1139 0176  
                   l1085 022A                     l1077 0213                     l1069 01F7  
                   l1093 0236                     l1149 01A2                     l1079 021A  
                   l1095 023B                     l1097 023D                     l1089 022F  
                   l1099 0241                     ?_isr 0070                     _IOCB 0096  
                   i1l99 010C                     _WPUB 0095                     _main 0113  
                   btemp 007E                     start 000C        ___bmul@multiplier 0073  
                  ??_isr 0074                    ?_main 0070          __end_of___awdiv 022F  
        __end_of___awmod 028A                    _ANSEL 0188          ___awdiv@divisor 0020  
                  i1l113 00BC                    i1l124 010C                    i1l239 02DB  
        ___awdiv@counter 0025                    _RCREG 001A                    u42_20 02CD  
                  u42_21 02CC                    _SPBRG 0099                    u43_20 02DA  
                  u43_21 02D9                    _PORTA 0005                    _PORTB 0006  
                  _PORTC 0007                    _PORTD 0008                    u70_20 0059  
                  u70_21 0058                    u71_20 0061                    u71_21 0060  
                  u80_20 00C1                    u72_20 006A                    u64_20 0024  
                  u80_21 00C0                    u72_21 0069                    u64_21 0023  
                  u81_20 00D2                    u73_20 0075                    u65_20 002A  
                  u81_21 00D1                    u73_21 0074                    u65_21 0029  
                  _TRISA 0085                    _TRISB 0086                    _TRISC 0087  
                  _TRISD 0088                    u82_20 00EF                    u74_20 0080  
                  u66_20 0032                    u82_21 00EE                    u74_21 007F  
                  u66_21 0031                    u75_20 008B                    u67_20 003B  
                  u75_21 008A                    u67_21 003A                    u76_20 0096  
                  u68_20 0041                    u76_21 0095                    u68_21 0040  
                  u77_20 00A1                    u69_20 004F                    u77_21 00A0  
                  u69_21 004E                    u78_20 00AC                    u78_21 00AB  
                  u79_20 00B7                    u79_21 00B6                    _TXREG 0019  
                  _valor 0031                    _setup 028A                    pclath 000A  
                  status 0003                    wtemp0 007E          __initialization 000F  
           __end_of_main 01C6                   ??_main 0029         ___awdiv@dividend 0022  
                 ?_setup 0070                   _ANSELH 0189                   i1l1031 02C8  
                 i1l1041 02DA                   i1l1033 02C9                   i1l1201 007A  
                 i1l1035 02CD                   i1l1211 0096                   i1l1203 0080  
                 i1l1037 02D1                   i1l1221 00B1                   i1l1213 009B  
                 i1l1205 0085                   i1l1039 02D3                   i1l1231 00CA  
                 i1l1223 00B7                   i1l1215 00A1                   i1l1207 008B  
                 i1l1241 00E7                   i1l1233 00CD                   i1l1217 00A6  
                 i1l1209 0090                   i1l1225 00BC                   i1l1161 0032  
                 i1l1153 0020                   i1l1235 00D2                   i1l1243 00EA  
                 i1l1227 00C1                   i1l1219 00AC                   i1l1171 0043  
                 i1l1163 0034                   i1l1155 0024                   i1l1245 00EF  
                 i1l1237 00E2                   i1l1229 00C9                   i1l1173 0044  
                 i1l1181 0049                   i1l1157 002A                   i1l1165 0035  
                 i1l1239 00E6                   i1l1191 0061                   i1l1183 004F  
                 i1l1175 0045                   i1l1167 003B                   i1l1159 002E  
                 i1l1193 0064                   i1l1185 0053                   i1l1177 0047  
                 i1l1169 0041                   i1l1195 006A                   i1l1187 0059  
                 i1l1179 0048                   i1l1197 006F                   i1l1189 005B  
                 i1l1199 0075                   _SPBRGH 009A                   ___bmul 02C7  
                 _c_flag 0033                   _d_flag 0034                ??___awdiv 0024  
                 _decena 0032                ??___awmod 0024                   _u_flag 007D  
       ___awdiv@quotient 0027          ___awmod@divisor 0020          ___awmod@counter 0025  
                 _unidad 007C             __pdataCOMMON 007D                   saved_w 007E  
           _decenas_temp 002C  __end_of__initialization 001C      ___bmul@multiplicand 0070  
         __pcstackCOMMON 0070            __end_of_setup 02C7           _OPTION_REGbits 0081  
                ??_setup 0020               __pbssBANK0 0031               __pmaintext 0113  
                ?___bmul 0070               __pintentry 0004          __size_of___bmul 0015  
                ___awdiv 01C6                  ___awmod 022F                  _decenas 002E  
                __ptext1 028A                  __ptext2 022F                  __ptext3 01C6  
                __ptext4 0020                  __ptext5 02C7             __size_of_isr 00F3  
       ___awmod@dividend 0022     end_of_initialization 001C                _RCSTAbits 0018  
              _PORTBbits 0006                _TXSTAbits 0098           __end_of___bmul 02DC  
          __pidataCOMMON 02DC              _BAUDCTLbits 0187      start_initialization 000F  
            __end_of_isr 0113                 ??___bmul 0071              __pbssCOMMON 007A  
              ___latbits 0002            __pcstackBANK0 0020                __pnvBANK0 002C  
               ?___awdiv 0020                 ?___awmod 0020                _cont_temp 007A  
         __size_of_setup 003D        interrupt_function 0004                 _PIE1bits 008C  
               _PIR1bits 000C         __size_of___awdiv 0069         __size_of___awmod 005B  
               _centenas 002D                 _contador 0030            __size_of_main 00B3  
               _var_temp 007B                 _unidades 002F               _INTCONbits 000B  
               intlevel1 0000               _OSCCONbits 008F  
